L 1 "..\..\..\..\Libraries\Protocol\Modbus\functions\mbfuncdiag.c"
N/* 
N * FreeModbus Libary: A portable Modbus implementation for Modbus ASCII/RTU.
N * Copyright (c) 2006 Christian Walter <wolti@sil.at>
N * All rights reserved.
N *
N * Redistribution and use in source and binary forms, with or without
N * modification, are permitted provided that the following conditions
N * are met:
N * 1. Redistributions of source code must retain the above copyright
N *    notice, this list of conditions and the following disclaimer.
N * 2. Redistributions in binary form must reproduce the above copyright
N *    notice, this list of conditions and the following disclaimer in the
N *    documentation and/or other materials provided with the distribution.
N * 3. The name of the author may not be used to endorse or promote products
N *    derived from this software without specific prior written permission.
N *
N * THIS SOFTWARE IS PROVIDED BY THE AUTHOR ``AS IS'' AND ANY EXPRESS OR
N * IMPLIED WARRANTIES, INCLUDING, BUT NOT LIMITED TO, THE IMPLIED WARRANTIES
N * OF MERCHANTABILITY AND FITNESS FOR A PARTICULAR PURPOSE ARE DISCLAIMED.
N * IN NO EVENT SHALL THE AUTHOR BE LIABLE FOR ANY DIRECT, INDIRECT,
N * INCIDENTAL, SPECIAL, EXEMPLARY, OR CONSEQUENTIAL DAMAGES (INCLUDING, BUT
N * NOT LIMITED TO, PROCUREMENT OF SUBSTITUTE GOODS OR SERVICES; LOSS OF USE,
N * DATA, OR PROFITS; OR BUSINESS INTERRUPTION) HOWEVER CAUSED AND ON ANY
N * THEORY OF LIABILITY, WHETHER IN CONTRACT, STRICT LIABILITY, OR TORT
N * (INCLUDING NEGLIGENCE OR OTHERWISE) ARISING IN ANY WAY OUT OF THE USE OF
N * THIS SOFTWARE, EVEN IF ADVISED OF THE POSSIBILITY OF SUCH DAMAGE.
N *
N * File: $Id: mbfuncdiag.c,v 1.3 2006/12/07 22:10:34 wolti Exp $
N */
